c:\users\l440\source\repos\project1\project1\debug\vc141.pdb
c:\users\l440\source\repos\project1\project1\debug\vc141.idb
c:\users\l440\source\repos\project1\project1\debug\yac.obj
c:\users\l440\source\repos\project1\debug\project1.pdb
c:\users\l440\source\repos\project1\project1\debug\project1.tlog\cl.command.1.tlog
c:\users\l440\source\repos\project1\project1\debug\project1.tlog\cl.read.1.tlog
c:\users\l440\source\repos\project1\project1\debug\project1.tlog\cl.write.1.tlog
c:\users\l440\source\repos\project1\project1\debug\project1.tlog\link-cvtres.read.1.tlog
c:\users\l440\source\repos\project1\project1\debug\project1.tlog\link-cvtres.write.1.tlog
c:\users\l440\source\repos\project1\project1\debug\project1.tlog\link-rc.read.1.tlog
c:\users\l440\source\repos\project1\project1\debug\project1.tlog\link-rc.write.1.tlog
c:\users\l440\source\repos\project1\project1\debug\project1.tlog\link.1732-cvtres.read.1.tlog
c:\users\l440\source\repos\project1\project1\debug\project1.tlog\link.1732-cvtres.write.1.tlog
c:\users\l440\source\repos\project1\project1\debug\project1.tlog\link.1732-rc.read.1.tlog
c:\users\l440\source\repos\project1\project1\debug\project1.tlog\link.1732-rc.write.1.tlog
c:\users\l440\source\repos\project1\project1\debug\project1.tlog\link.1732.read.1.tlog
c:\users\l440\source\repos\project1\project1\debug\project1.tlog\link.1732.write.1.tlog
c:\users\l440\source\repos\project1\project1\debug\project1.tlog\link.command.1.tlog
c:\users\l440\source\repos\project1\project1\debug\project1.tlog\link.read.1.tlog
c:\users\l440\source\repos\project1\project1\debug\project1.tlog\link.write.1.tlog
