  YAC.c
FLEX.l(8): warning C4047: 'return': 'int' es distinto en los niveles de direccionamiento indirecto de 'char [4]'
FLEX.l(9): warning C4047: 'return': 'int' es distinto en los niveles de direccionamiento indirecto de 'char [7]'
FLEX.l(10): warning C4047: 'return': 'int' es distinto en los niveles de direccionamiento indirecto de 'char [6]'
FLEX.l(11): warning C4047: 'return': 'int' es distinto en los niveles de direccionamiento indirecto de 'char [7]'
FLEX.l(12): warning C4047: 'return': 'int' es distinto en los niveles de direccionamiento indirecto de 'char [8]'
FLEX.l(13): warning C4047: 'return': 'int' es distinto en los niveles de direccionamiento indirecto de 'char [5]'
FLEX.l(14): warning C4047: 'return': 'int' es distinto en los niveles de direccionamiento indirecto de 'char [6]'
FLEX.l(15): warning C4047: 'return': 'int' es distinto en los niveles de direccionamiento indirecto de 'char [7]'
FLEX.l(16): warning C4047: 'return': 'int' es distinto en los niveles de direccionamiento indirecto de 'char [4]'
FLEX.l(17): warning C4047: 'return': 'int' es distinto en los niveles de direccionamiento indirecto de 'char [6]'
FLEX.l(18): warning C4047: 'return': 'int' es distinto en los niveles de direccionamiento indirecto de 'char [3]'
FLEX.l(19): warning C4047: 'return': 'int' es distinto en los niveles de direccionamiento indirecto de 'char [7]'
FLEX.l(20): warning C4047: 'return': 'int' es distinto en los niveles de direccionamiento indirecto de 'char [5]'
FLEX.l(21): warning C4047: 'return': 'int' es distinto en los niveles de direccionamiento indirecto de 'char [3]'
FLEX.l(22): warning C4047: 'return': 'int' es distinto en los niveles de direccionamiento indirecto de 'char [7]'
FLEX.l(23): warning C4047: 'return': 'int' es distinto en los niveles de direccionamiento indirecto de 'char [8]'
FLEX.l(24): warning C4047: 'return': 'int' es distinto en los niveles de direccionamiento indirecto de 'char [7]'
FLEX.l(25): warning C4047: 'return': 'int' es distinto en los niveles de direccionamiento indirecto de 'char [9]'
FLEX.l(26): warning C4047: 'return': 'int' es distinto en los niveles de direccionamiento indirecto de 'char [13]'
FLEX.l(27): warning C4047: 'return': 'int' es distinto en los niveles de direccionamiento indirecto de 'char [14]'
FLEX.l(28): warning C4047: 'return': 'int' es distinto en los niveles de direccionamiento indirecto de 'char [8]'
FLEX.l(29): warning C4047: 'return': 'int' es distinto en los niveles de direccionamiento indirecto de 'char [9]'
FLEX.l(30): warning C4047: 'return': 'int' es distinto en los niveles de direccionamiento indirecto de 'char [10]'
FLEX.l(31): warning C4047: 'return': 'int' es distinto en los niveles de direccionamiento indirecto de 'char [11]'
FLEX.l(32): warning C4047: 'return': 'int' es distinto en los niveles de direccionamiento indirecto de 'char [5]'
FLEX.l(33): warning C4047: 'return': 'int' es distinto en los niveles de direccionamiento indirecto de 'char [10]'
FLEX.l(34): warning C4047: 'return': 'int' es distinto en los niveles de direccionamiento indirecto de 'char [6]'
FLEX.l(35): warning C4047: 'return': 'int' es distinto en los niveles de direccionamiento indirecto de 'char [10]'
FLEX.l(36): warning C4047: 'return': 'int' es distinto en los niveles de direccionamiento indirecto de 'char [9]'
FLEX.l(37): warning C4047: 'return': 'int' es distinto en los niveles de direccionamiento indirecto de 'char [4]'
FLEX.l(38): warning C4047: 'return': 'int' es distinto en los niveles de direccionamiento indirecto de 'char [6]'
FLEX.l(39): warning C4047: 'return': 'int' es distinto en los niveles de direccionamiento indirecto de 'char [11]'
FLEX.l(40): warning C4047: 'return': 'int' es distinto en los niveles de direccionamiento indirecto de 'char [12]'
FLEX.l(41): warning C4047: 'return': 'int' es distinto en los niveles de direccionamiento indirecto de 'char [9]'
FLEX.l(42): warning C4047: 'return': 'int' es distinto en los niveles de direccionamiento indirecto de 'char [12]'
FLEX.l(43): warning C4047: 'return': 'int' es distinto en los niveles de direccionamiento indirecto de 'char [9]'
FLEX.l(44): warning C4047: 'return': 'int' es distinto en los niveles de direccionamiento indirecto de 'char [9]'
FLEX.l(45): warning C4047: 'return': 'int' es distinto en los niveles de direccionamiento indirecto de 'char [8]'
FLEX.h(1594): warning C4013: 'isatty' sin definir; se supone que extern devuelve como resultado int
YAC.c(1521): warning C4013: 'yyerror' sin definir; se supone que extern devuelve como resultado int
c:\users\l440\source\repos\prueba flex bison\prueba flex bison\bison.y(70): warning C4716: 'yyerror': debe devolver un valor
  prueba flex bison.vcxproj -> c:\users\l440\source\repos\prueba flex bison\Debug\prueba flex bison.exe
  prueba flex bison.vcxproj -> c:\users\l440\source\repos\prueba flex bison\Debug\prueba flex bison.pdb (Partial PDB)
